"[2024-09-13T13:16:24.683Z] LOG - Group - Creating group: undefined
[2024-09-13T13:16:24.765Z] LOG - Group - Creating group: null
[2024-09-13T13:16:24.765Z] LOG - Group - Creating group: Cheer girls锔ｏ
[2024-09-13T13:16:24.800Z] INFO - Profile - setUpPhoneService() called.
[2024-09-13T13:16:24.943Z] DEBUG - phoneService - initialize() called with config = {\"phoneNumber\":\"8636779664\",\"legacySipInfo\":{\"id\":96,\"host\":\"prod.tncp.textnow.com\",\"username\":\"18636779664_o8GwG16LnImrG6pjIGA33ZnLQwwzyRGXX4O61cFpqY9T\",\"proxy\":\"\",\"stun\":\"\",\"voicemail_url\":\"https://s3.amazonaws.com/TN-Prod-VoicemailGreetings/3ee7e06bdcac44afbd15ed71c488d489c91adaf72e89d9179a2c1e9aab103dbb.wav\",\"client_ip\":\"75.112.122.130\",\"ice_servers\":[{\"endpoint\":\"stun:ice-server.us-east-1.prod.tncp.textnow.com\",\"credential\":{\"expiry\":0,\"username\":\"\"}},{\"endpoint\":\"turn:turn-global.prod.tncp.textnow.com\",\"credential\":{\"username\":\"1727468002:18636779664\",\"expiry\":1727468002}}]},\"sipInfo\":{\"tncp\":{\"credentials\":{\"username\":\"18636779664_o8GwG16LnImrG6pjIGA33ZnLQwwzyRGXX4O61cFpqY9T\"},\"endpoints\":[{\"address\":\"udp://prod.tncp.textnow.com:5070\"},{\"address\":\"wss://prod.tncp.textnow.com:443\"}],\"features\":{\"inbound\":false,\"outbound_free\":true,\"outbound_paid\":false}},\"legacy\":{\"credentials\":{\"username\":\"18636779664_o8GwG16LnImrG6pjIGA33ZnLQwwzyRGXX4O61cFpqY9T\"},\"endpoint\":\"enflick.layered.net\",\"features\":{\"inbound\":false,\"outbound_free\":false,\"outbound_paid\":false}}}}
[2024-09-13T13:16:24.943Z] INFO - phoneService - setting up SipJsCallAdapter with config: {\"useWebProxy\":true,\"webProxySubdomain\":\"web1\",\"credentials\":{\"username\":\"18636779664_o8GwG16LnImrG6pjIGA33ZnLQwwzyRGXX4O61cFpqY9T\"},\"endpoints\":[\"wss://prod.tncp.textnow.com/\"],\"enabled_for\":{\"outbound_free_enabled\":true,\"outbound_paid_enabled\":true,\"inbound_enabled\":true}}
[2024-09-13T13:16:24.944Z] DEBUG - phoneServiceModule/eventRouter - registerConnectionEvents: registering connection events for sip-js
[2024-09-13T13:16:24.944Z] DEBUG - phoneServiceModule/eventRouter - registerCallingEvents: registering outgoing calling events for sip-js
[2024-09-13T13:16:24.944Z] DEBUG - phoneServiceModule/eventRouter - registerCallingEvents: registering incoming calling events for sip-js
[2024-09-13T13:16:24.944Z] DEBUG - phoneServiceModule/eventRouter - registerCallingEvents: registering calling events for sip-js
[2024-09-13T13:16:24.944Z] DEBUG - SipJsCallAdapter - initialize() called
[2024-09-13T13:16:24.944Z] DEBUG - SipJsCallAdapter - _tryConnecting() called
[2024-09-13T13:16:24.944Z] DEBUG - SipJsCallAdapter - _tryConnecting: starting connection attempt 1
[2024-09-13T13:16:24.951Z] INFO - sip.UserAgent - Configuration:
[2024-09-13T13:16:24.951Z] INFO - sip.UserAgent - 路 allowLegacyNotifications: false
[2024-09-13T13:16:24.951Z] INFO - sip.UserAgent - 路 authorizationHa1: \"\"
[2024-09-13T13:16:24.951Z] INFO - sip.UserAgent - 路 authorizationPassword: NOT SHOWN
[2024-09-13T13:16:24.951Z] INFO - sip.UserAgent - 路 authorizationUsername: \"18636779664_o8GwG16LnImrG6pjIGA33ZnLQwwzyRGXX4O61cFpqY9T\"
[2024-09-13T13:16:24.951Z] INFO - sip.UserAgent - 路 autoStart: false
[2024-09-13T13:16:24.951Z] INFO - sip.UserAgent - 路 autoStop: true
[2024-09-13T13:16:24.951Z] INFO - sip.UserAgent - 路 delegate: \\
[2024-09-13T13:16:24.951Z] INFO - sip.UserAgent - 路 contactName: \"\"
[2024-09-13T13:16:24.951Z] INFO - sip.UserAgent - 路 contactParams: 
[2024-09-13T13:16:24.951Z] INFO - sip.UserAgent - 路 displayName: \"\"
[2024-09-13T13:16:24.951Z] INFO - sip.UserAgent - 路 forceRport: false
[2024-09-13T13:16:24.951Z] INFO - sip.UserAgent - 路 hackAllowUnregisteredOptionTags: false
[2024-09-13T13:16:24.951Z] INFO - sip.UserAgent - 路 hackIpInContact: false
[2024-09-13T13:16:24.951Z] INFO - sip.UserAgent - 路 hackViaTcp: false
[2024-09-13T13:16:24.951Z] INFO - sip.UserAgent - 路 logBuiltinEnabled: false
[2024-09-13T13:16:24.952Z] INFO - sip.UserAgent - 路 logConfiguration: true
[2024-09-13T13:16:24.952Z] INFO - sip.UserAgent - 路 logConnector: undefined
[2024-09-13T13:16:24.952Z] INFO - sip.UserAgent - 路 logLevel: 2
[2024-09-13T13:16:24.952Z] INFO - sip.UserAgent - 路 noAnswerTimeout: 60
[2024-09-13T13:16:24.952Z] INFO - sip.UserAgent - 路 preloadedRouteSet: []
[2024-09-13T13:16:24.952Z] INFO - sip.UserAgent - 路 reconnectionAttempts: 0
[2024-09-13T13:16:24.952Z] INFO - sip.UserAgent - 路 reconnectionDelay: 4
[2024-09-13T13:16:24.952Z] INFO - sip.UserAgent - 路 sendInitialProvisionalResponse: true
[2024-09-13T13:16:24.952Z] INFO - sip.UserAgent - 路 sessionDescriptionHandlerFactory: NOT SHOWN
[2024-09-13T13:16:24.952Z] INFO - sip.UserAgent - 路 sessionDescriptionHandlerFactoryOptions: },\"modifiers\":[null]}
[2024-09-13T13:16:24.952Z] INFO - sip.UserAgent - 路 sipExtension100rel: \"Unsupported\"
[2024-09-13T13:16:24.952Z] INFO - sip.UserAgent - 路 sipExtensionReplaces: \"Unsupported\"
[2024-09-13T13:16:24.952Z] INFO - sip.UserAgent - 路 sipExtensionExtraSupported: []
[2024-09-13T13:16:24.952Z] INFO - sip.UserAgent - 路 sipjsId: \"pl2f8\"
[2024-09-13T13:16:24.952Z] INFO - sip.UserAgent - 路 transportConstructor: s
[2024-09-13T13:16:24.952Z] INFO - sip.UserAgent - 路 transportOptions: 
[2024-09-13T13:16:24.952Z] INFO - sip.UserAgent - 路 uri: NOT SHOWN
[2024-09-13T13:16:24.952Z] INFO - sip.UserAgent - 路 userAgentString: \"SIP.js/0.20.0\"
[2024-09-13T13:16:24.952Z] INFO - sip.UserAgent - 路 viaHost: \"n4g3crcgeo2i.invalid\"
[2024-09-13T13:16:24.952Z] INFO - sip.UserAgent - 路 register: false
[2024-09-13T13:16:24.952Z] WARN - sip.UserAgent - The transport option \"maxReconnectionAttempts\" as has apparently been specified and has been deprecated. It will no longer be available starting with SIP.js release 0.16.0. Please update accordingly.
[2024-09-13T13:16:24.952Z] WARN - sip.Transport - The transport option \"wsServers\" as has apparently been specified and has been deprecated. It will no longer be available starting with SIP.js release 0.16.0. Please update accordingly.
[2024-09-13T13:16:24.952Z] WARN - sip.Transport - The transport option \"maxReconnectionAttempts\" as has apparently been specified and has been deprecated. It will no longer be available starting with SIP.js release 0.16.0. Please update accordingly.
[2024-09-13T13:16:24.955Z] INFO - sip.UserAgent - Starting sip:18636779664_o8GwG16LnImrG6pjIGA33ZnLQwwzyRGXX4O61cFpqY9T@prod.tncp.textnow.com
[2024-09-13T13:16:24.955Z] INFO - sip.UserAgent - Transitioned from Stopped to Started
[2024-09-13T13:16:24.955Z] INFO - sip.Transport - Connecting wss://web1.prod.tncp.textnow.com/
[2024-09-13T13:16:24.955Z] INFO - sip.Transport - Transitioned from Disconnected to Connecting
[2024-09-13T13:16:25.003Z] LOG - BadgeService - Setting badge val: 5
[2024-09-13T13:16:26.276Z] INFO - sip.Transport - WebSocket opened wss://web1.prod.tncp.textnow.com/
[2024-09-13T13:16:26.276Z] INFO - sip.Transport - Transitioned from Connecting to Connected
[2024-09-13T13:16:26.276Z] INFO - SipJsCallAdapter - _tryConnecting: sipjs user agent transport connected
[2024-09-13T13:16:26.276Z] DEBUG - SipJsCallAdapter - _register()
[2024-09-13T13:16:26.278Z] INFO - sip.Registerer - Configuration:
[2024-09-13T13:16:26.278Z] INFO - sip.Registerer - 路 expires: 600
[2024-09-13T13:16:26.278Z] INFO - sip.Registerer - 路 extraContactHeaderParams: []
[2024-09-13T13:16:26.278Z] INFO - sip.Registerer - 路 extraHeaders: []
[2024-09-13T13:16:26.278Z] INFO - sip.Registerer - 路 logConfiguration: true
[2024-09-13T13:16:26.278Z] INFO - sip.Registerer - 路 instanceId: \"73bcfc01-f36e-4aea-b671-28d9d2b82e41\"
[2024-09-13T13:16:26.278Z] INFO - sip.Registerer - 路 params: \\
[2024-09-13T13:16:26.278Z] INFO - sip.Registerer - 路 regId: 1
[2024-09-13T13:16:26.278Z] INFO - sip.Registerer - 路 registrar: sip:prod.tncp.textnow.com
[2024-09-13T13:16:26.279Z] INFO - sip.Registerer - 路 refreshFrequency: 99
[2024-09-13T13:16:26.279Z] INFO - sip.Registerer - Waiting toggled to true
[2024-09-13T13:16:26.279Z] DEBUG - sip.transaction.nict - Constructing non-INVITE client transaction with id z9hG4bK6894351.
[2024-09-13T13:16:26.280Z] INFO - sip.Transport - Sending WebSocket message:

REGISTER sip:prod.tncp.textnow.com SIP/2.0\r
Via: SIP/2.0/WSS n4g3crcgeo2i.invalid;branch=z9hG4bK6894351\r
To: <sip:18636779664_o8GwG16LnImrG6pjIGA33ZnLQwwzyRGXX4O61cFpqY9T@prod.tncp.textnow.com>\r
From: <sip:18636779664_o8GwG16LnImrG6pjIGA33ZnLQwwzyRGXX4O61cFpqY9T@prod.tncp.textnow.com>;tag=k7tph9v5uk\r
CSeq: 2 REGISTER\r
Call-ID: pl2f8gg41t08e8qsu9ml\r
Max-Forwards: 70\r
Contact: <sip:0ti7cihm@n4g3crcgeo2i.invalid;transport=ws>;reg-id=1;+sip.instance=\"<urn:uuid:73bcfc01-f36e-4aea-b671-28d9d2b82e41>\";expires=600\r
Allow: ACK,CANCEL,INVITE,MESSAGE,BYE,OPTIONS,INFO,NOTIFY,REFER\r
Supported: outbound, path, gruu\r
User-Agent: SIP.js/0.20.0\r
Content-Length: 0\r
\r


[2024-09-13T13:16:26.280Z] LOG - SipJsCallAdapter - Sent request = [object Object]
[2024-09-13T13:16:26.280Z] LOG - SipJsCallAdapter - User Agent: Started
[2024-09-13T13:16:26.306Z] LOG - BadgeService - Setting badge val: 3
[2024-09-13T13:16:26.522Z] INFO - sip.Transport - Received WebSocket text message:

SIP/2.0 401 Unauthorized\r
Via: SIP/2.0/WSS n4g3crcgeo2i.invalid;rport=9132;received=10.242.220.199;branch=z9hG4bK6894351\r
To: <sip:18636779664_o8GwG16LnImrG6pjIGA33ZnLQwwzyRGXX4O61cFpqY9T@prod.tncp.textnow.com>;tag=3120cbf925ef86bd24b5eb661b7995c4.9d1d0000\r
From: <sip:18636779664_o8GwG16LnImrG6pjIGA33ZnLQwwzyRGXX4O61cFpqY9T@prod.tncp.textnow.com>;tag=k7tph9v5uk\r
CSeq: 2 REGISTER\r
Call-ID: pl2f8gg41t08e8qsu9ml\r
WWW-Authenticate: Digest realm=\"prod.tncp.textnow.com\", nonce=\"ZuQ8VmbkOypHOGuEmnDZQPk8EqQyDqpq\"\r
Server: sip-registrar1.tncp\r
Content-Length: 0\r
\r


[2024-09-13T13:16:26.537Z] DEBUG - sip.transaction.nict - State change to \"Completed\" on non-INVITE client transaction with id z9hG4bK6894351.
[2024-09-13T13:16:26.538Z] DEBUG - sip.transaction.nict - Constructing non-INVITE client transaction with id z9hG4bK8086169.
[2024-09-13T13:16:26.538Z] INFO - sip.Transport - Sending WebSocket message:

REGISTER sip:prod.tncp.textnow.com SIP/2.0\r
Via: SIP/2.0/WSS n4g3crcgeo2i.invalid;branch=z9hG4bK8086169\r
To: <sip:18636779664_o8GwG16LnImrG6pjIGA33ZnLQwwzyRGXX4O61cFpqY9T@prod.tncp.textnow.com>\r
From: <sip:18636779664_o8GwG16LnImrG6pjIGA33ZnLQwwzyRGXX4O61cFpqY9T@prod.tncp.textnow.com>;tag=k7tph9v5uk\r
CSeq: 3 REGISTER\r
Call-ID: pl2f8gg41t08e8qsu9ml\r
Max-Forwards: 70\r
Authorization: Digest algorithm=MD5, username=\"18636779664_o8GwG16LnImrG6pjIGA33ZnLQwwzyRGXX4O61cFpqY9T\", realm=\"prod.tncp.textnow.com\", nonce=\"ZuQ8VmbkOypHOGuEmnDZQPk8EqQyDqpq\", uri=\"sip:prod.tncp.textnow.com\", response=\"97ac6d57c78b9fb0aaca4cd3bb331cb3\"\r
Contact: <sip:0ti7cihm@n4g3crcgeo2i.invalid;transport=ws>;reg-id=1;+sip.instance=\"<urn:uuid:73bcfc01-f36e-4aea-b671-28d9d2b82e41>\";expires=600\r
Allow: ACK,CANCEL,INVITE,MESSAGE,BYE,OPTIONS,INFO,NOTIFY,REFER\r
Supported: outbound, path, gruu\r
User-Agent: SIP.js/0.20.0\r
Content-Length: 0\r
\r


[2024-09-13T13:16:26.564Z] DEBUG - sip.transaction.nict - Destroyed non-INVITE client transaction with id z9hG4bK6894351.
[2024-09-13T13:16:26.564Z] DEBUG - sip.transaction.nict - State change to \"Terminated\" on non-INVITE client transaction with id z9hG4bK6894351.
[2024-09-13T13:16:26.629Z] INFO - sip.Transport - Received WebSocket text message:

SIP/2.0 200 OK\r
Via: SIP/2.0/WSS n4g3crcgeo2i.invalid;rport=9132;received=10.242.220.199;branch=z9hG4bK8086169\r
To: <sip:18636779664_o8GwG16LnImrG6pjIGA33ZnLQwwzyRGXX4O61cFpqY9T@prod.tncp.textnow.com>;tag=3120cbf925ef86bd24b5eb661b7995c4.9d1d0000\r
From: <sip:18636779664_o8GwG16LnImrG6pjIGA33ZnLQwwzyRGXX4O61cFpqY9T@prod.tncp.textnow.com>;tag=k7tph9v5uk\r
CSeq: 3 REGISTER\r
Call-ID: pl2f8gg41t08e8qsu9ml\r
Contact: <sip:0ti7cihm@n4g3crcgeo2i.invalid;transport=ws>;expires=529;pub-gruu=\"sip:18636779664@prod.tncp.textnow.com;gr=urn:uuid:73bcfc01-f36e-4aea-b671-28d9d2b82e41\";temp-gruu=\"sip:uloc-646dccbc-167c4-1418a52-7e537c2b@prod.tncp.textnow.com;gr\";+sip.instance=\"<urn:uuid:73bcfc01-f36e-4aea-b671-28d9d2b82e41>\";reg-id=1\r
Path: <sip:cOJUEhL/VaY76gUK8TiAH5AK8tzHI6w=@10.241.56.128;lr;ob>\r
Supported: outbound\r
Require: outbound\r
Server: sip-registrar1.tncp\r
Content-Length: 0\r
\r


[2024-09-13T13:16:26.641Z] DEBUG - sip.transaction.nict - State change to \"Completed\" on non-INVITE client transaction with id z9hG4bK8086169.
[2024-09-13T13:16:26.644Z] INFO - sip.Registerer - Registration transitioned to state Registered
[2024-09-13T13:16:26.644Z] DEBUG - phoneServiceModule/eventRouter - registerConnectionEvents: event received: phone-service-ready, adapter: sip-js
[2024-09-13T13:16:26.644Z] INFO - sip.Registerer - Waiting toggled to false
[2024-09-13T13:16:26.645Z] DEBUG - sip.transaction.nict - Destroyed non-INVITE client transaction with id z9hG4bK8086169.
[2024-09-13T13:16:26.645Z] DEBUG - sip.transaction.nict - State change to \"Terminated\" on non-INVITE client transaction with id z9hG4bK8086169.
[2024-09-13T13:16:26.645Z] DEBUG - sip.transaction.nict - Destroyed non-INVITE client transaction with id z9hG4bK8086169."
"[2024-09-13T13:16:37.891Z] DEBUG - permissionService - handleMicrophoneAccessDenied()
[2024-09-13T13:16:37.891Z] DEBUG - phoneServiceModule/eventRouter - setServiceState(disabled-no-audio)
[2024-09-13T13:33:41.178Z] ERROR - sip.Transport - WebSocket error occurred.
[2024-09-13T13:33:41.180Z] WARN - sip.Transport - WebSocket closed unexpectedly
[2024-09-13T13:33:41.180Z] INFO - sip.Transport - WebSocket closed wss://web1.prod.tncp.textnow.com/ (code: 1006)
[2024-09-13T13:33:41.180Z] INFO - sip.Transport - Transitioned from Connected to Disconnected
[2024-09-13T13:33:41.180Z] WARN - SipJsCallAdapter - _tryConnecting: sipjs transport disconnected, code = [1006], reason = []
[2024-09-13T13:33:41.181Z] DEBUG - phoneServiceModule/eventRouter - registerConnectionEvents: event received: connecting, adapter: sip-js
[2024-09-13T13:33:41.182Z] DEBUG - SipJsCallAdapter - _tryConnecting: setting backoff timer to 165ms
[2024-09-13T13:33:41.182Z] DEBUG - SipJsCallAdapter - closeConnection()
[2024-09-13T13:33:41.183Z] INFO - sip.UserAgent - Stopping sip:18636779664_o8GwG16LnImrG6pjIGA33ZnLQwwzyRGXX4O61cFpqY9T@prod.tncp.textnow.com
[2024-09-13T13:33:41.183Z] INFO - sip.UserAgent - Transitioned from Started to Stopped
[2024-09-13T13:33:41.183Z] INFO - sip.UserAgent - Dispose of registerers
[2024-09-13T13:33:41.183Z] INFO - sip.Registerer - Registerer pl2f8gg41t08e8qsu9mlk7tph9v5uk in state Registered is being disposed
[2024-09-13T13:33:41.185Z] INFO - sip.Registerer - Waiting toggled to true
[2024-09-13T13:33:41.186Z] DEBUG - sip.transaction.nict - Constructing non-INVITE client transaction with id z9hG4bK5400997.
[2024-09-13T13:33:41.187Z] INFO - sip.Transport - Sending WebSocket message:

REGISTER sip:prod.tncp.textnow.com SIP/2.0\r
Via: SIP/2.0/WSS n4g3crcgeo2i.invalid;branch=z9hG4bK5400997\r
To: <sip:18636779664_o8GwG16LnImrG6pjIGA33ZnLQwwzyRGXX4O61cFpqY9T@prod.tncp.textnow.com>\r
From: <sip:18636779664_o8GwG16LnImrG6pjIGA33ZnLQwwzyRGXX4O61cFpqY9T@prod.tncp.textnow.com>;tag=k7tph9v5uk\r
CSeq: 4 REGISTER\r
Call-ID: pl2f8gg41t08e8qsu9ml\r
Max-Forwards: 70\r
Authorization: Digest algorithm=MD5, username=\"18636779664_o8GwG16LnImrG6pjIGA33ZnLQwwzyRGXX4O61cFpqY9T\", realm=\"prod.tncp.textnow.com\", nonce=\"ZuQ8VmbkOypHOGuEmnDZQPk8EqQyDqpq\", uri=\"sip:prod.tncp.textnow.com\", response=\"97ac6d57c78b9fb0aaca4cd3bb331cb3\"\r
Contact: <sip:18636779664@prod.tncp.textnow.com;gr=urn:uuid:73bcfc01-f36e-4aea-b671-28d9d2b82e41>;reg-id=1;+sip.instance=\"<urn:uuid:73bcfc01-f36e-4aea-b671-28d9d2b82e41>\";expires=0\r
Supported: outbound, path, gruu\r
User-Agent: SIP.js/0.20.0\r
Content-Length: 0\r
\r


[2024-09-13T13:33:41.189Z] ERROR - sip.user-agent-client - Not connected.
[2024-09-13T13:33:41.189Z] ERROR - sip.user-agent-client - User agent client request transport error. Generating internal 503 Service Unavailable.
[2024-09-13T13:33:41.189Z] ERROR - sip.Registerer - Unregister rejected with status code 503
[2024-09-13T13:33:41.190Z] INFO - sip.Registerer - Registration transitioned to state Unregistered
[2024-09-13T13:33:41.190Z] WARN - SipJsCallAdapter - SIP session is now unregistered
[2024-09-13T13:33:41.190Z] INFO - sip.Registerer - Registration transitioned to state Terminated
[2024-09-13T13:33:41.191Z] WARN - SipJsCallAdapter - _register state change Terminated
[2024-09-13T13:33:41.191Z] INFO - sip.Registerer - Waiting toggled to false
[2024-09-13T13:33:41.191Z] DEBUG - sip.transaction.nict - Destroyed non-INVITE client transaction with id z9hG4bK5400997.
[2024-09-13T13:33:41.191Z] DEBUG - sip.transaction.nict - State change to \"Terminated\" on non-INVITE client transaction with id z9hG4bK5400997.
[2024-09-13T13:33:41.191Z] DEBUG - sip.transaction.nict - Destroyed non-INVITE client transaction with id z9hG4bK5400997.
[2024-09-13T13:33:41.192Z] ERROR - sip.transaction.nict - Not connected.
[2024-09-13T13:33:41.192Z] ERROR - sip.transaction.nict - Transport error occurred in non-INVITE client transaction with id z9hG4bK5400997.
[2024-09-13T13:33:41.192Z] ERROR - sip.transaction.nict - Failed to send initial outgoing request.
[2024-09-13T13:33:41.192Z] INFO - sip.UserAgent - Dispose of sessions
[2024-09-13T13:33:41.192Z] INFO - sip.UserAgent - Dispose of subscriptions
[2024-09-13T13:33:41.192Z] INFO - sip.UserAgent - Dispose of publishers
[2024-09-13T13:33:41.192Z] INFO - sip.UserAgent - Dispose of transport
[2024-09-13T13:33:41.192Z] INFO - sip.Transport - Disconnecting wss://web1.prod.tncp.textnow.com/
[2024-09-13T13:33:41.192Z] INFO - sip.UserAgent - Dispose of core
[2024-09-13T13:33:41.348Z] DEBUG - SipJsCallAdapter - _tryConnecting: backoff timer expired
[2024-09-13T13:33:41.348Z] DEBUG - SipJsCallAdapter - _tryConnecting() called
[2024-09-13T13:33:41.348Z] DEBUG - SipJsCallAdapter - _tryConnecting: starting connection attempt 1
[2024-09-13T13:33:41.358Z] INFO - sip.UserAgent - Configuration:
[2024-09-13T13:33:41.358Z] INFO - sip.UserAgent - 路 allowLegacyNotifications: false
[2024-09-13T13:33:41.358Z] INFO - sip.UserAgent - 路 authorizationHa1: \"\"
[2024-09-13T13:33:41.358Z] INFO - sip.UserAgent - 路 authorizationPassword: NOT SHOWN
[2024-09-13T13:33:41.358Z] INFO - sip.UserAgent - 路 authorizationUsername: \"18636779664_o8GwG16LnImrG6pjIGA33ZnLQwwzyRGXX4O61cFpqY9T\"
[2024-09-13T13:33:41.358Z] INFO - sip.UserAgent - 路 autoStart: false
[2024-09-13T13:33:41.358Z] INFO - sip.UserAgent - 路 autoStop: true
[2024-09-13T13:33:41.358Z] INFO - sip.UserAgent - 路 delegate: \\
[2024-09-13T13:33:41.358Z] INFO - sip.UserAgent - 路 contactName: \"\"
[2024-09-13T13:33:41.358Z] INFO - sip.UserAgent - 路 contactParams: 
[2024-09-13T13:33:41.358Z] INFO - sip.UserAgent - 路 displayName: \"\"
[2024-09-13T13:33:41.358Z] INFO - sip.UserAgent - 路 forceRport: false
[2024-09-13T13:33:41.358Z] INFO - sip.UserAgent - 路 hackAllowUnregisteredOptionTags: false
[2024-09-13T13:33:41.358Z] INFO - sip.UserAgent - 路 hackIpInContact: false
[2024-09-13T13:33:41.358Z] INFO - sip.UserAgent - 路 hackViaTcp: false
[2024-09-13T13:33:41.358Z] INFO - sip.UserAgent - 路 logBuiltinEnabled: false
[2024-09-13T13:33:41.358Z] INFO - sip.UserAgent - 路 logConfiguration: true
[2024-09-13T13:33:41.358Z] INFO - sip.UserAgent - 路 logConnector: undefined
[2024-09-13T13:33:41.358Z] INFO - sip.UserAgent - 路 logLevel: 2
[2024-09-13T13:33:41.358Z] INFO - sip.UserAgent - 路 noAnswerTimeout: 60
[2024-09-13T13:33:41.359Z] INFO - sip.UserAgent - 路 preloadedRouteSet: []
[2024-09-13T13:33:41.359Z] INFO - sip.UserAgent - 路 reconnectionAttempts: 0
[2024-09-13T13:33:41.359Z] INFO - sip.UserAgent - 路 reconnectionDelay: 4
[2024-09-13T13:33:41.359Z] INFO - sip.UserAgent - 路 sendInitialProvisionalResponse: true
[2024-09-13T13:33:41.359Z] INFO - sip.UserAgent - 路 sessionDescriptionHandlerFactory: NOT SHOWN
[2024-09-13T13:33:41.359Z] INFO - sip.UserAgent - 路 sessionDescriptionHandlerFactoryOptions: },\"modifiers\":[null]}
[2024-09-13T13:33:41.359Z] INFO - sip.UserAgent - 路 sipExtension100rel: \"Unsupported\"
[2024-09-13T13:33:41.359Z] INFO - sip.UserAgent - 路 sipExtensionReplaces: \"Unsupported\"
[2024-09-13T13:33:41.359Z] INFO - sip.UserAgent - 路 sipExtensionExtraSupported: []
[2024-09-13T13:33:41.359Z] INFO - sip.UserAgent - 路 sipjsId: \"1ojl6\"
[2024-09-13T13:33:41.359Z] INFO - sip.UserAgent - 路 transportConstructor: s
[2024-09-13T13:33:41.359Z] INFO - sip.UserAgent - 路 transportOptions: 
[2024-09-13T13:33:41.359Z] INFO - sip.UserAgent - 路 uri: NOT SHOWN
[2024-09-13T13:33:41.359Z] INFO - sip.UserAgent - 路 userAgentString: \"SIP.js/0.20.0\"
[2024-09-13T13:33:41.359Z] INFO - sip.UserAgent - 路 viaHost: \"f7skr3tvhn33.invalid\"
[2024-09-13T13:33:41.359Z] INFO - sip.UserAgent - 路 register: false
[2024-09-13T13:33:41.359Z] WARN - sip.UserAgent - The transport option \"maxReconnectionAttempts\" as has apparently been specified and has been deprecated. It will no longer be available starting with SIP.js release 0.16.0. Please update accordingly.
[2024-09-13T13:33:41.359Z] WARN - sip.Transport - The transport option \"wsServers\" as has apparently been specified and has been deprecated. It will no longer be available starting with SIP.js release 0.16.0. Please update accordingly.
[2024-09-13T13:33:41.359Z] WARN - sip.Transport - The transport option \"maxReconnectionAttempts\" as has apparently been specified and has been deprecated. It will no longer be available starting with SIP.js release 0.16.0. Please update accordingly.
[2024-09-13T13:33:41.362Z] INFO - sip.UserAgent - Starting sip:18636779664_o8GwG16LnImrG6pjIGA33ZnLQwwzyRGXX4O61cFpqY9T@prod.tncp.textnow.com
[2024-09-13T13:33:41.362Z] INFO - sip.UserAgent - Transitioned from Stopped to Started
[2024-09-13T13:33:41.363Z] INFO - sip.Transport - Connecting wss://web1.prod.tncp.textnow.com/
[2024-09-13T13:33:41.363Z] INFO - sip.Transport - Transitioned from Disconnected to Connecting
[2024-09-13T13:33:41.733Z] INFO - sip.Transport - WebSocket opened wss://web1.prod.tncp.textnow.com/
[2024-09-13T13:33:41.733Z] INFO - sip.Transport - Transitioned from Connecting to Connected
[2024-09-13T13:33:41.733Z] INFO - SipJsCallAdapter - _tryConnecting: sipjs user agent transport connected
[2024-09-13T13:33:41.733Z] DEBUG - SipJsCallAdapter - _register()
[2024-09-13T13:33:41.736Z] INFO - sip.Registerer - Configuration:
[2024-09-13T13:33:41.736Z] INFO - sip.Registerer - 路 expires: 600
[2024-09-13T13:33:41.736Z] INFO - sip.Registerer - 路 extraContactHeaderParams: []
[2024-09-13T13:33:41.736Z] INFO - sip.Registerer - 路 extraHeaders: []
[2024-09-13T13:33:41.736Z] INFO - sip.Registerer - 路 logConfiguration: true
[2024-09-13T13:33:41.736Z] INFO - sip.Registerer - 路 instanceId: \"1041477b-e1da-4190-a124-e4249421ce39\"
[2024-09-13T13:33:41.736Z] INFO - sip.Registerer - 路 params: \\
[2024-09-13T13:33:41.736Z] INFO - sip.Registerer - 路 regId: 1
[2024-09-13T13:33:41.736Z] INFO - sip.Registerer - 路 registrar: sip:prod.tncp.textnow.com
[2024-09-13T13:33:41.736Z] INFO - sip.Registerer - 路 refreshFrequency: 99
[2024-09-13T13:33:41.736Z] INFO - sip.Registerer - Waiting toggled to true
[2024-09-13T13:33:41.736Z] DEBUG - sip.transaction.nict - Constructing non-INVITE client transaction with id z9hG4bK1839038.
[2024-09-13T13:33:41.736Z] INFO - sip.Transport - Sending WebSocket message:

REGISTER sip:prod.tncp.textnow.com SIP/2.0\r
Via: SIP/2.0/WSS f7skr3tvhn33.invalid;branch=z9hG4bK1839038\r
To: <sip:18636779664_o8GwG16LnImrG6pjIGA33ZnLQwwzyRGXX4O61cFpqY9T@prod.tncp.textnow.com>\r
From: <sip:18636779664_o8GwG16LnImrG6pjIGA33ZnLQwwzyRGXX4O61cFpqY9T@prod.tncp.textnow.com>;tag=36e3trdbcf\r
CSeq: 2 REGISTER\r
Call-ID: 1ojl69ocj9aoje7lc4ai\r
Max-Forwards: 70\r
Contact: <sip:0hk5c74t@f7skr3tvhn33.invalid;transport=ws>;reg-id=1;+sip.instance=\"<urn:uuid:1041477b-e1da-4190-a124-e4249421ce39>\";expires=600\r
Allow: ACK,CANCEL,INVITE,MESSAGE,BYE,OPTIONS,INFO,NOTIFY,REFER\r
Supported: outbound, path, gruu\r
User-Agent: SIP.js/0.20.0\r
Content-Length: 0\r
\r


[2024-09-13T13:33:41.737Z] LOG - SipJsCallAdapter - Sent request = [object Object]
[2024-09-13T13:33:41.737Z] LOG - SipJsCallAdapter - User Agent: Started
[2024-09-13T13:33:41.789Z] INFO - sip.Transport - Received WebSocket text message:

SIP/2.0 401 Unauthorized\r
Via: SIP/2.0/WSS f7skr3tvhn33.invalid;rport=36838;received=10.242.220.199;branch=z9hG4bK1839038\r
To: <sip:18636779664_o8GwG16LnImrG6pjIGA33ZnLQwwzyRGXX4O61cFpqY9T@prod.tncp.textnow.com>;tag=3120cbf925ef86bd24b5eb661b7995c4.e57e0000\r
From: <sip:18636779664_o8GwG16LnImrG6pjIGA33ZnLQwwzyRGXX4O61cFpqY9T@prod.tncp.textnow.com>;tag=36e3trdbcf\r
CSeq: 2 REGISTER\r
Call-ID: 1ojl69ocj9aoje7lc4ai\r
WWW-Authenticate: Digest realm=\"prod.tncp.textnow.com\", nonce=\"ZuRAYWbkPzVQdf0MEtsJAdT6nOp9LOTq\"\r
Server: sip-registrar1.tncp\r
Content-Length: 0\r
\r


[2024-09-13T13:33:41.803Z] DEBUG - sip.transaction.nict - State change to \"Completed\" on non-INVITE client transaction with id z9hG4bK1839038.
[2024-09-13T13:33:41.806Z] DEBUG - sip.transaction.nict - Constructing non-INVITE client transaction with id z9hG4bK1387888.
[2024-09-13T13:33:41.807Z] INFO - sip.Transport - Sending WebSocket message:

REGISTER sip:prod.tncp.textnow.com SIP/2.0\r
Via: SIP/2.0/WSS f7skr3tvhn33.invalid;branch=z9hG4bK1387888\r
To: <sip:18636779664_o8GwG16LnImrG6pjIGA33ZnLQwwzyRGXX4O61cFpqY9T@prod.tncp.textnow.com>\r
From: <sip:18636779664_o8GwG16LnImrG6pjIGA33ZnLQwwzyRGXX4O61cFpqY9T@prod.tncp.textnow.com>;tag=36e3trdbcf\r
CSeq: 3 REGISTER\r
Call-ID: 1ojl69ocj9aoje7lc4ai\r
Max-Forwards: 70\r
Authorization: Digest algorithm=MD5, username=\"18636779664_o8GwG16LnImrG6pjIGA33ZnLQwwzyRGXX4O61cFpqY9T\", realm=\"prod.tncp.textnow.com\", nonce=\"ZuRAYWbkPzVQdf0MEtsJAdT6nOp9LOTq\", uri=\"sip:prod.tncp.textnow.com\", response=\"c1494e33629a64e2080762f31c01dcd0\"\r
Contact: <sip:0hk5c74t@f7skr3tvhn33.invalid;transport=ws>;reg-id=1;+sip.instance=\"<urn:uuid:1041477b-e1da-4190-a124-e4249421ce39>\";expires=600\r
Allow: ACK,CANCEL,INVITE,MESSAGE,BYE,OPTIONS,INFO,NOTIFY,REFER\r
Supported: outbound, path, gruu\r
User-Agent: SIP.js/0.20.0\r
Content-Length: 0\r
\r


[2024-09-13T13:33:41.807Z] DEBUG - sip.transaction.nict - Destroyed non-INVITE client transaction with id z9hG4bK1839038.
[2024-09-13T13:33:41.807Z] DEBUG - sip.transaction.nict - State change to \"Terminated\" on non-INVITE client transaction with id z9hG4bK1839038.
[2024-09-13T13:33:41.864Z] INFO - sip.Transport - Received WebSocket text message:

SIP/2.0 200 OK\r
Via: SIP/2.0/WSS f7skr3tvhn33.invalid;rport=36838;received=10.242.220.199;branch=z9hG4bK1387888\r
To: <sip:18636779664_o8GwG16LnImrG6pjIGA33ZnLQwwzyRGXX4O61cFpqY9T@prod.tncp.textnow.com>;tag=3120cbf925ef86bd24b5eb661b7995c4.e57e0000\r
From: <sip:18636779664_o8GwG16LnImrG6pjIGA33ZnLQwwzyRGXX4O61cFpqY9T@prod.tncp.textnow.com>;tag=36e3trdbcf\r
CSeq: 3 REGISTER\r
Call-ID: 1ojl69ocj9aoje7lc4ai\r
Contact: <sip:18636779664_sOHWQrcJ1Atjxdsi0dzctxDJZTfVT4NXX4O61cFpqY9T@107.144.137.66:49530;transport=tls;alias=107.144.137.66~49530~2>;expires=2;pub-gruu=\"sip:18636779664@prod.tncp.textnow.com;gr=urn:uuid:4ffc64cd-7fa8-003c-a345-7d05eb340cc2\";temp-gruu=\"sip:uloc-646dccbc-167cb-dc2ca52-7e537c2b@prod.tncp.textnow.com;gr\";+sip.instance=\"<urn:uuid:4ffc64cd-7fa8-003c-a345-7d05eb340cc2>\", <sip:0hk5c74t@f7skr3tvhn33.invalid;transport=ws>;expires=547;pub-gruu=\"sip:18636779664@prod.tncp.textnow.com;gr=urn:uuid:1041477b-e1da-4190-a124-e4249421ce39\";temp-gruu=\"sip:uloc-646dccbc-167e8-666aa52-7e537c2b@prod.tncp.textnow.com;gr\";+sip.instance=\"<urn:uuid:1041477b-e1da-4190-a124-e4249421ce39>\";reg-id=1\r
Path: <sip:gtg7GUUAm0Z87QUK8SENH5AK8tzHj+Y=@10.241.33.13;lr;ob>\r
Supported: outbound\r
Require: outbound\r
Server: sip-registrar1.tncp\r
Content-Length: 0\r
\r


[2024-09-13T13:33:41.879Z] DEBUG - sip.transaction.nict - State change to \"Completed\" on non-INVITE client transaction with id z9hG4bK1387888.
[2024-09-13T13:33:41.881Z] INFO - sip.Registerer - Registration transitioned to state Registered
[2024-09-13T13:33:41.881Z] WARN - SipJsCallAdapter - _startOptionsKeepAlive: keep alive already active, nothing to do
[2024-09-13T13:33:41.881Z] DEBUG - phoneServiceModule/eventRouter - registerConnectionEvents: event received: phone-service-ready, adapter: sip-js
[2024-09-13T13:33:41.881Z] INFO - sip.Registerer - Waiting toggled to false
[2024-09-13T13:33:41.961Z] DEBUG - sip.transaction.nict - Destroyed non-INVITE client transaction with id z9hG4bK1387888.
[2024-09-13T13:33:41.961Z] DEBUG - sip.transaction.nict - State change to \"Terminated\" on non-INVITE client transaction with id z9hG4bK1387888.
[2024-09-13T13:33:41.961Z] DEBUG - sip.transaction.nict - Destroyed non-INVITE client transaction with id z9hG4bK1387888."
"[2024-09-13T13:33:50.811Z] LOG - permissionViewFactory - No permission view available for action deny"
"[2024-09-13T13:34:03.567Z] LOG - BadgeService - Setting badge val: 2"
"[2024-09-13T13:36:56.843Z] ERROR - sip.Transport - WebSocket error occurred.
[2024-09-13T13:36:56.843Z] WARN - sip.Transport - WebSocket closed unexpectedly
[2024-09-13T13:36:56.843Z] INFO - sip.Transport - WebSocket closed wss://web1.prod.tncp.textnow.com/ (code: 1006)
[2024-09-13T13:36:56.844Z] INFO - sip.Transport - Transitioned from Connected to Disconnected
[2024-09-13T13:36:56.844Z] WARN - SipJsCallAdapter - _tryConnecting: sipjs transport disconnected, code = [1006], reason = []
[2024-09-13T13:36:56.846Z] DEBUG - phoneServiceModule/eventRouter - registerConnectionEvents: event received: connecting, adapter: sip-js
[2024-09-13T13:36:56.846Z] DEBUG - SipJsCallAdapter - _tryConnecting: setting backoff timer to 187ms
[2024-09-13T13:36:56.846Z] DEBUG - SipJsCallAdapter - closeConnection()
[2024-09-13T13:36:56.847Z] INFO - sip.UserAgent - Stopping sip:18636779664_o8GwG16LnImrG6pjIGA33ZnLQwwzyRGXX4O61cFpqY9T@prod.tncp.textnow.com
[2024-09-13T13:36:56.847Z] INFO - sip.UserAgent - Transitioned from Started to Stopped
[2024-09-13T13:36:56.847Z] INFO - sip.UserAgent - Dispose of registerers
[2024-09-13T13:36:56.847Z] INFO - sip.Registerer - Registerer 1ojl69ocj9aoje7lc4ai36e3trdbcf in state Registered is being disposed
[2024-09-13T13:36:56.848Z] INFO - sip.Registerer - Waiting toggled to true
[2024-09-13T13:36:56.848Z] DEBUG - sip.transaction.nict - Constructing non-INVITE client transaction with id z9hG4bK8592355.
[2024-09-13T13:36:56.849Z] INFO - sip.Transport - Sending WebSocket message:

REGISTER sip:prod.tncp.textnow.com SIP/2.0\r
Via: SIP/2.0/WSS f7skr3tvhn33.invalid;branch=z9hG4bK8592355\r
To: <sip:18636779664_o8GwG16LnImrG6pjIGA33ZnLQwwzyRGXX4O61cFpqY9T@prod.tncp.textnow.com>\r
From: <sip:18636779664_o8GwG16LnImrG6pjIGA33ZnLQwwzyRGXX4O61cFpqY9T@prod.tncp.textnow.com>;tag=36e3trdbcf\r
CSeq: 4 REGISTER\r
Call-ID: 1ojl69ocj9aoje7lc4ai\r
Max-Forwards: 70\r
Authorization: Digest algorithm=MD5, username=\"18636779664_o8GwG16LnImrG6pjIGA33ZnLQwwzyRGXX4O61cFpqY9T\", realm=\"prod.tncp.textnow.com\", nonce=\"ZuRAYWbkPzVQdf0MEtsJAdT6nOp9LOTq\", uri=\"sip:prod.tncp.textnow.com\", response=\"c1494e33629a64e2080762f31c01dcd0\"\r
Contact: <sip:18636779664@prod.tncp.textnow.com;gr=urn:uuid:1041477b-e1da-4190-a124-e4249421ce39>;reg-id=1;+sip.instance=\"<urn:uuid:1041477b-e1da-4190-a124-e4249421ce39>\";expires=0\r
Supported: outbound, path, gruu\r
User-Agent: SIP.js/0.20.0\r
Content-Length: 0\r
\r


[2024-09-13T13:36:56.849Z] ERROR - sip.user-agent-client - Not connected.
[2024-09-13T13:36:56.849Z] ERROR - sip.user-agent-client - User agent client request transport error. Generating internal 503 Service Unavailable.
[2024-09-13T13:36:56.850Z] ERROR - sip.Registerer - Unregister rejected with status code 503
[2024-09-13T13:36:56.850Z] INFO - sip.Registerer - Registration transitioned to state Unregistered
[2024-09-13T13:36:56.850Z] WARN - SipJsCallAdapter - SIP session is now unregistered
[2024-09-13T13:36:56.850Z] INFO - sip.Registerer - Registration transitioned to state Terminated
[2024-09-13T13:36:56.850Z] WARN - SipJsCallAdapter - _register state change Terminated
[2024-09-13T13:36:56.850Z] INFO - sip.Registerer - Waiting toggled to false
[2024-09-13T13:36:56.850Z] DEBUG - sip.transaction.nict - Destroyed non-INVITE client transaction with id z9hG4bK8592355.
[2024-09-13T13:36:56.850Z] DEBUG - sip.transaction.nict - State change to \"Terminated\" on non-INVITE client transaction with id z9hG4bK8592355.
[2024-09-13T13:36:56.850Z] DEBUG - sip.transaction.nict - Destroyed non-INVITE client transaction with id z9hG4bK8592355.
[2024-09-13T13:36:56.850Z] ERROR - sip.transaction.nict - Not connected.
[2024-09-13T13:36:56.851Z] ERROR - sip.transaction.nict - Transport error occurred in non-INVITE client transaction with id z9hG4bK8592355.
[2024-09-13T13:36:56.851Z] ERROR - sip.transaction.nict - Failed to send initial outgoing request.
[2024-09-13T13:36:56.851Z] INFO - sip.UserAgent - Dispose of sessions
[2024-09-13T13:36:56.851Z] INFO - sip.UserAgent - Dispose of subscriptions
[2024-09-13T13:36:56.851Z] INFO - sip.UserAgent - Dispose of publishers
[2024-09-13T13:36:56.851Z] INFO - sip.UserAgent - Dispose of transport
[2024-09-13T13:36:56.851Z] INFO - sip.Transport - Disconnecting wss://web1.prod.tncp.textnow.com/
[2024-09-13T13:36:56.851Z] INFO - sip.UserAgent - Dispose of core
[2024-09-13T13:36:57.034Z] DEBUG - SipJsCallAdapter - _tryConnecting: backoff timer expired
[2024-09-13T13:36:57.035Z] DEBUG - SipJsCallAdapter - _tryConnecting() called
[2024-09-13T13:36:57.035Z] DEBUG - SipJsCallAdapter - _tryConnecting: starting connection attempt 1
[2024-09-13T13:36:57.042Z] INFO - sip.UserAgent - Configuration:
[2024-09-13T13:36:57.042Z] INFO - sip.UserAgent - 路 allowLegacyNotifications: false
[2024-09-13T13:36:57.042Z] INFO - sip.UserAgent - 路 authorizationHa1: \"\"
[2024-09-13T13:36:57.042Z] INFO - sip.UserAgent - 路 authorizationPassword: NOT SHOWN
[2024-09-13T13:36:57.042Z] INFO - sip.UserAgent - 路 authorizationUsername: \"18636779664_o8GwG16LnImrG6pjIGA33ZnLQwwzyRGXX4O61cFpqY9T\"
[2024-09-13T13:36:57.042Z] INFO - sip.UserAgent - 路 autoStart: false
[2024-09-13T13:36:57.042Z] INFO - sip.UserAgent - 路 autoStop: true
[2024-09-13T13:36:57.043Z] INFO - sip.UserAgent - 路 delegate: \\
[2024-09-13T13:36:57.043Z] INFO - sip.UserAgent - 路 contactName: \"\"
[2024-09-13T13:36:57.043Z] INFO - sip.UserAgent - 路 contactParams: 
[2024-09-13T13:36:57.043Z] INFO - sip.UserAgent - 路 displayName: \"\"
[2024-09-13T13:36:57.043Z] INFO - sip.UserAgent - 路 forceRport: false
[2024-09-13T13:36:57.043Z] INFO - sip.UserAgent - 路 hackAllowUnregisteredOptionTags: false
[2024-09-13T13:36:57.043Z] INFO - sip.UserAgent - 路 hackIpInContact: false
[2024-09-13T13:36:57.043Z] INFO - sip.UserAgent - 路 hackViaTcp: false
[2024-09-13T13:36:57.043Z] INFO - sip.UserAgent - 路 logBuiltinEnabled: false
[2024-09-13T13:36:57.043Z] INFO - sip.UserAgent - 路 logConfiguration: true
[2024-09-13T13:36:57.043Z] INFO - sip.UserAgent - 路 logConnector: undefined
[2024-09-13T13:36:57.043Z] INFO - sip.UserAgent - 路 logLevel: 2
[2024-09-13T13:36:57.043Z] INFO - sip.UserAgent - 路 noAnswerTimeout: 60
[2024-09-13T13:36:57.043Z] INFO - sip.UserAgent - 路 preloadedRouteSet: []
[2024-09-13T13:36:57.043Z] INFO - sip.UserAgent - 路 reconnectionAttempts: 0
[2024-09-13T13:36:57.043Z] INFO - sip.UserAgent - 路 reconnectionDelay: 4
[2024-09-13T13:36:57.043Z] INFO - sip.UserAgent - 路 sendInitialProvisionalResponse: true
[2024-09-13T13:36:57.043Z] INFO - sip.UserAgent - 路 sessionDescriptionHandlerFactory: NOT SHOWN
[2024-09-13T13:36:57.043Z] INFO - sip.UserAgent - 路 sessionDescriptionHandlerFactoryOptions: },\"modifiers\":[null]}
[2024-09-13T13:36:57.043Z] INFO - sip.UserAgent - 路 sipExtension100rel: \"Unsupported\"
[2024-09-13T13:36:57.043Z] INFO - sip.UserAgent - 路 sipExtensionReplaces: \"Unsupported\"
[2024-09-13T13:36:57.043Z] INFO - sip.UserAgent - 路 sipExtensionExtraSupported: []
[2024-09-13T13:36:57.043Z] INFO - sip.UserAgent - 路 sipjsId: \"660k6\"
[2024-09-13T13:36:57.043Z] INFO - sip.UserAgent - 路 transportConstructor: s
[2024-09-13T13:36:57.043Z] INFO - sip.UserAgent - 路 transportOptions: 
[2024-09-13T13:36:57.043Z] INFO - sip.UserAgent - 路 uri: NOT SHOWN
[2024-09-13T13:36:57.043Z] INFO - sip.UserAgent - 路 userAgentString: \"SIP.js/0.20.0\"
[2024-09-13T13:36:57.043Z] INFO - sip.UserAgent - 路 viaHost: \"07u2mc0cc2j3.invalid\"
[2024-09-13T13:36:57.043Z] INFO - sip.UserAgent - 路 register: false
[2024-09-13T13:36:57.043Z] WARN - sip.UserAgent - The transport option \"maxReconnectionAttempts\" as has apparently been specified and has been deprecated. It will no longer be available starting with SIP.js release 0.16.0. Please update accordingly.
[2024-09-13T13:36:57.043Z] WARN - sip.Transport - The transport option \"wsServers\" as has apparently been specified and has been deprecated. It will no longer be available starting with SIP.js release 0.16.0. Please update accordingly.
[2024-09-13T13:36:57.043Z] WARN - sip.Transport - The transport option \"maxReconnectionAttempts\" as has apparently been specified and has been deprecated. It will no longer be available starting with SIP.js release 0.16.0. Please update accordingly.
[2024-09-13T13:36:57.045Z] INFO - sip.UserAgent - Starting sip:18636779664_o8GwG16LnImrG6pjIGA33ZnLQwwzyRGXX4O61cFpqY9T@prod.tncp.textnow.com
[2024-09-13T13:36:57.045Z] INFO - sip.UserAgent - Transitioned from Stopped to Started
[2024-09-13T13:36:57.045Z] INFO - sip.Transport - Connecting wss://web1.prod.tncp.textnow.com/
[2024-09-13T13:36:57.045Z] INFO - sip.Transport - Transitioned from Disconnected to Connecting
[2024-09-13T13:36:57.376Z] INFO - sip.Transport - WebSocket opened wss://web1.prod.tncp.textnow.com/
[2024-09-13T13:36:57.376Z] INFO - sip.Transport - Transitioned from Connecting to Connected
[2024-09-13T13:36:57.376Z] INFO - SipJsCallAdapter - _tryConnecting: sipjs user agent transport connected
[2024-09-13T13:36:57.376Z] DEBUG - SipJsCallAdapter - _register()
[2024-09-13T13:36:57.378Z] INFO - sip.Registerer - Configuration:
[2024-09-13T13:36:57.378Z] INFO - sip.Registerer - 路 expires: 600
[2024-09-13T13:36:57.378Z] INFO - sip.Registerer - 路 extraContactHeaderParams: []
[2024-09-13T13:36:57.378Z] INFO - sip.Registerer - 路 extraHeaders: []
[2024-09-13T13:36:57.378Z] INFO - sip.Registerer - 路 logConfiguration: true
[2024-09-13T13:36:57.378Z] INFO - sip.Registerer - 路 instanceId: \"c44d8c81-ed56-4610-9fba-6ee3c9117055\"
[2024-09-13T13:36:57.378Z] INFO - sip.Registerer - 路 params: \\
[2024-09-13T13:36:57.378Z] INFO - sip.Registerer - 路 regId: 1
[2024-09-13T13:36:57.378Z] INFO - sip.Registerer - 路 registrar: sip:prod.tncp.textnow.com
[2024-09-13T13:36:57.378Z] INFO - sip.Registerer - 路 refreshFrequency: 99
[2024-09-13T13:36:57.378Z] INFO - sip.Registerer - Waiting toggled to true
[2024-09-13T13:36:57.378Z] DEBUG - sip.transaction.nict - Constructing non-INVITE client transaction with id z9hG4bK676638.
[2024-09-13T13:36:57.378Z] INFO - sip.Transport - Sending WebSocket message:

REGISTER sip:prod.tncp.textnow.com SIP/2.0\r
Via: SIP/2.0/WSS 07u2mc0cc2j3.invalid;branch=z9hG4bK676638\r
To: <sip:18636779664_o8GwG16LnImrG6pjIGA33ZnLQwwzyRGXX4O61cFpqY9T@prod.tncp.textnow.com>\r
From: <sip:18636779664_o8GwG16LnImrG6pjIGA33ZnLQwwzyRGXX4O61cFpqY9T@prod.tncp.textnow.com>;tag=ij8eqdm1cm\r
CSeq: 2 REGISTER\r
Call-ID: 660k6tskgkq750utvq8m\r
Max-Forwards: 70\r
Contact: <sip:r1erj5d5@07u2mc0cc2j3.invalid;transport=ws>;reg-id=1;+sip.instance=\"<urn:uuid:c44d8c81-ed56-4610-9fba-6ee3c9117055>\";expires=600\r
Allow: ACK,CANCEL,INVITE,MESSAGE,BYE,OPTIONS,INFO,NOTIFY,REFER\r
Supported: outbound, path, gruu\r
User-Agent: SIP.js/0.20.0\r
Content-Length: 0\r
\r


[2024-09-13T13:36:57.378Z] LOG - SipJsCallAdapter - Sent request = [object Object]
[2024-09-13T13:36:57.379Z] LOG - SipJsCallAdapter - User Agent: Started
[2024-09-13T13:36:57.428Z] INFO - sip.Transport - Received WebSocket text message:

SIP/2.0 401 Unauthorized\r
Via: SIP/2.0/WSS 07u2mc0cc2j3.invalid;rport=40927;received=10.242.175.70;branch=z9hG4bK676638\r
To: <sip:18636779664_o8GwG16LnImrG6pjIGA33ZnLQwwzyRGXX4O61cFpqY9T@prod.tncp.textnow.com>;tag=3120cbf925ef86bd24b5eb661b7995c4.9d1d0000\r
From: <sip:18636779664_o8GwG16LnImrG6pjIGA33ZnLQwwzyRGXX4O61cFpqY9T@prod.tncp.textnow.com>;tag=ij8eqdm1cm\r
CSeq: 2 REGISTER\r
Call-ID: 660k6tskgkq750utvq8m\r
WWW-Authenticate: Digest realm=\"prod.tncp.textnow.com\", nonce=\"ZuRBJWbkP/ldOw9pI8CS0RfwQU+l36sG\"\r
Server: sip-registrar1.tncp\r
Content-Length: 0\r
\r


[2024-09-13T13:36:57.439Z] DEBUG - sip.transaction.nict - State change to \"Completed\" on non-INVITE client transaction with id z9hG4bK676638.
[2024-09-13T13:36:57.442Z] DEBUG - sip.transaction.nict - Constructing non-INVITE client transaction with id z9hG4bK8421777.
[2024-09-13T13:36:57.442Z] INFO - sip.Transport - Sending WebSocket message:

REGISTER sip:prod.tncp.textnow.com SIP/2.0\r
Via: SIP/2.0/WSS 07u2mc0cc2j3.invalid;branch=z9hG4bK8421777\r
To: <sip:18636779664_o8GwG16LnImrG6pjIGA33ZnLQwwzyRGXX4O61cFpqY9T@prod.tncp.textnow.com>\r
From: <sip:18636779664_o8GwG16LnImrG6pjIGA33ZnLQwwzyRGXX4O61cFpqY9T@prod.tncp.textnow.com>;tag=ij8eqdm1cm\r
CSeq: 3 REGISTER\r
Call-ID: 660k6tskgkq750utvq8m\r
Max-Forwards: 70\r
Authorization: Digest algorithm=MD5, username=\"18636779664_o8GwG16LnImrG6pjIGA33ZnLQwwzyRGXX4O61cFpqY9T\", realm=\"prod.tncp.textnow.com\", nonce=\"ZuRBJWbkP/ldOw9pI8CS0RfwQU+l36sG\", uri=\"sip:prod.tncp.textnow.com\", response=\"6101a6449189c1a35e51ab70b0f399da\"\r
Contact: <sip:r1erj5d5@07u2mc0cc2j3.invalid;transport=ws>;reg-id=1;+sip.instance=\"<urn:uuid:c44d8c81-ed56-4610-9fba-6ee3c9117055>\";expires=600\r
Allow: ACK,CANCEL,INVITE,MESSAGE,BYE,OPTIONS,INFO,NOTIFY,REFER\r
Supported: outbound, path, gruu\r
User-Agent: SIP.js/0.20.0\r
Content-Length: 0\r
\r


[2024-09-13T13:36:57.443Z] DEBUG - sip.transaction.nict - Destroyed non-INVITE client transaction with id z9hG4bK676638.
[2024-09-13T13:36:57.443Z] DEBUG - sip.transaction.nict - State change to \"Terminated\" on non-INVITE client transaction with id z9hG4bK676638.
[2024-09-13T13:36:57.492Z] INFO - sip.Transport - Received WebSocket text message:

SIP/2.0 200 OK\r
Via: SIP/2.0/WSS 07u2mc0cc2j3.invalid;rport=40927;received=10.242.175.70;branch=z9hG4bK8421777\r
To: <sip:18636779664_o8GwG16LnImrG6pjIGA33ZnLQwwzyRGXX4O61cFpqY9T@prod.tncp.textnow.com>;tag=3120cbf925ef86bd24b5eb661b7995c4.9d1d0000\r
From: <sip:18636779664_o8GwG16LnImrG6pjIGA33ZnLQwwzyRGXX4O61cFpqY9T@prod.tncp.textnow.com>;tag=ij8eqdm1cm\r
CSeq: 3 REGISTER\r
Call-ID: 660k6tskgkq750utvq8m\r
Contact: <sip:0hk5c74t@f7skr3tvhn33.invalid;transport=ws>;expires=351;pub-gruu=\"sip:18636779664@prod.tncp.textnow.com;gr=urn:uuid:1041477b-e1da-4190-a124-e4249421ce39\";temp-gruu=\"sip:uloc-646dccbc-167e8-666aa52-7e537c2b@prod.tncp.textnow.com;gr\";+sip.instance=\"<urn:uuid:1041477b-e1da-4190-a124-e4249421ce39>\";reg-id=1, <sip:r1erj5d5@07u2mc0cc2j3.invalid;transport=ws>;expires=558;pub-gruu=\"sip:18636779664@prod.tncp.textnow.com;gr=urn:uuid:c44d8c81-ed56-4610-9fba-6ee3c9117055\";temp-gruu=\"sip:uloc-646dccbc-167c0-35caa52-7e537c2b@prod.tncp.textnow.com;gr\";+sip.instance=\"<urn:uuid:c44d8c81-ed56-4610-9fba-6ee3c9117055>\";reg-id=1\r
Path: <sip:rlkfT/OBzoXzEwUK8TiAH5AK8q9Gn98=@10.241.56.128;lr;ob>\r
Supported: outbound\r
Require: outbound\r
Server: sip-registrar1.tncp\r
Content-Length: 0\r
\r


[2024-09-13T13:36:57.502Z] DEBUG - sip.transaction.nict - State change to \"Completed\" on non-INVITE client transaction with id z9hG4bK8421777.
[2024-09-13T13:36:57.504Z] INFO - sip.Registerer - Registration transitioned to state Registered
[2024-09-13T13:36:57.504Z] WARN - SipJsCallAdapter - _startOptionsKeepAlive: keep alive already active, nothing to do
[2024-09-13T13:36:57.504Z] DEBUG - phoneServiceModule/eventRouter - registerConnectionEvents: event received: phone-service-ready, adapter: sip-js
[2024-09-13T13:36:57.504Z] INFO - sip.Registerer - Waiting toggled to false
[2024-09-13T13:36:57.504Z] DEBUG - sip.transaction.nict - Destroyed non-INVITE client transaction with id z9hG4bK8421777.
[2024-09-13T13:36:57.504Z] DEBUG - sip.transaction.nict - State change to \"Terminated\" on non-INVITE client transaction with id z9hG4bK8421777.
[2024-09-13T13:36:57.504Z] DEBUG - sip.transaction.nict - Destroyed non-INVITE client transaction with id z9hG4bK8421777."
"[2024-09-13T13:39:01.943Z] LOG - Group - Creating group: undefined
[2024-09-13T13:39:01.983Z] LOG - Group - Creating group: null
[2024-09-13T13:39:01.984Z] LOG - Group - Creating group: Cheer girls锔ｏ
[2024-09-13T13:39:02.083Z] INFO - Profile - setUpPhoneService() called.
[2024-09-13T13:39:02.309Z] LOG - BadgeService - Setting badge val: 2
[2024-09-13T13:39:02.998Z] DEBUG - phoneService - initialize() called with config = {\"phoneNumber\":\"8636779664\",\"legacySipInfo\":{\"id\":96,\"host\":\"prod.tncp.textnow.com\",\"username\":\"18636779664_o8GwG16LnImrG6pjIGA33ZnLQwwzyRGXX4O61cFpqY9T\",\"proxy\":\"\",\"stun\":\"\",\"voicemail_url\":\"https://s3.amazonaws.com/TN-Prod-VoicemailGreetings/3ee7e06bdcac44afbd15ed71c488d489c91adaf72e89d9179a2c1e9aab103dbb.wav\",\"client_ip\":\"75.112.122.130\",\"ice_servers\":[{\"endpoint\":\"stun:ice-server.us-east-1.prod.tncp.textnow.com\",\"credential\":{\"expiry\":0,\"username\":\"\"}},{\"endpoint\":\"turn:turn-global.prod.tncp.textnow.com\",\"credential\":{\"username\":\"1728049141:18636779664\",\"expiry\":1728049141}}]},\"sipInfo\":{\"tncp\":{\"credentials\":{\"username\":\"18636779664_o8GwG16LnImrG6pjIGA33ZnLQwwzyRGXX4O61cFpqY9T\"},\"endpoints\":[{\"address\":\"udp://prod.tncp.textnow.com:5070\"},{\"address\":\"wss://prod.tncp.textnow.com:443\"}],\"features\":{\"inbound\":false,\"outbound_free\":true,\"outbound_paid\":false}},\"legacy\":{\"credentials\":{\"username\":\"18636779664_o8GwG16LnImrG6pjIGA33ZnLQwwzyRGXX4O61cFpqY9T\"},\"endpoint\":\"enflick.layered.net\",\"features\":{\"inbound\":false,\"outbound_free\":false,\"outbound_paid\":false}}}}
[2024-09-13T13:39:02.998Z] INFO - phoneService - setting up SipJsCallAdapter with config: {\"useWebProxy\":true,\"webProxySubdomain\":\"web1\",\"credentials\":{\"username\":\"18636779664_o8GwG16LnImrG6pjIGA33ZnLQwwzyRGXX4O61cFpqY9T\"},\"endpoints\":[\"wss://prod.tncp.textnow.com/\"],\"enabled_for\":{\"outbound_free_enabled\":true,\"outbound_paid_enabled\":true,\"inbound_enabled\":true}}
[2024-09-13T13:39:02.998Z] DEBUG - phoneServiceModule/eventRouter - registerConnectionEvents: registering connection events for sip-js
[2024-09-13T13:39:02.999Z] DEBUG - phoneServiceModule/eventRouter - registerCallingEvents: registering outgoing calling events for sip-js
[2024-09-13T13:39:02.999Z] DEBUG - phoneServiceModule/eventRouter - registerCallingEvents: registering incoming calling events for sip-js
[2024-09-13T13:39:02.999Z] DEBUG - phoneServiceModule/eventRouter - registerCallingEvents: registering calling events for sip-js
[2024-09-13T13:39:02.999Z] DEBUG - SipJsCallAdapter - initialize() called
[2024-09-13T13:39:02.999Z] DEBUG - SipJsCallAdapter - _tryConnecting() called
[2024-09-13T13:39:02.999Z] DEBUG - SipJsCallAdapter - _tryConnecting: starting connection attempt 1
[2024-09-13T13:39:03.007Z] INFO - sip.UserAgent - Configuration:
[2024-09-13T13:39:03.007Z] INFO - sip.UserAgent - 路 allowLegacyNotifications: false
[2024-09-13T13:39:03.007Z] INFO - sip.UserAgent - 路 authorizationHa1: \"\"
[2024-09-13T13:39:03.007Z] INFO - sip.UserAgent - 路 authorizationPassword: NOT SHOWN
[2024-09-13T13:39:03.007Z] INFO - sip.UserAgent - 路 authorizationUsername: \"18636779664_o8GwG16LnImrG6pjIGA33ZnLQwwzyRGXX4O61cFpqY9T\"
[2024-09-13T13:39:03.007Z] INFO - sip.UserAgent - 路 autoStart: false
[2024-09-13T13:39:03.007Z] INFO - sip.UserAgent - 路 autoStop: true
[2024-09-13T13:39:03.007Z] INFO - sip.UserAgent - 路 delegate: \\
[2024-09-13T13:39:03.007Z] INFO - sip.UserAgent - 路 contactName: \"\"
[2024-09-13T13:39:03.007Z] INFO - sip.UserAgent - 路 contactParams: 
[2024-09-13T13:39:03.007Z] INFO - sip.UserAgent - 路 displayName: \"\"
[2024-09-13T13:39:03.007Z] INFO - sip.UserAgent - 路 forceRport: false
[2024-09-13T13:39:03.007Z] INFO - sip.UserAgent - 路 hackAllowUnregisteredOptionTags: false
[2024-09-13T13:39:03.007Z] INFO - sip.UserAgent - 路 hackIpInContact: false
[2024-09-13T13:39:03.007Z] INFO - sip.UserAgent - 路 hackViaTcp: false
[2024-09-13T13:39:03.007Z] INFO - sip.UserAgent - 路 logBuiltinEnabled: false
[2024-09-13T13:39:03.007Z] INFO - sip.UserAgent - 路 logConfiguration: true
[2024-09-13T13:39:03.007Z] INFO - sip.UserAgent - 路 logConnector: undefined
[2024-09-13T13:39:03.007Z] INFO - sip.UserAgent - 路 logLevel: 2
[2024-09-13T13:39:03.007Z] INFO - sip.UserAgent - 路 noAnswerTimeout: 60
[2024-09-13T13:39:03.007Z] INFO - sip.UserAgent - 路 preloadedRouteSet: []
[2024-09-13T13:39:03.007Z] INFO - sip.UserAgent - 路 reconnectionAttempts: 0
[2024-09-13T13:39:03.008Z] INFO - sip.UserAgent - 路 reconnectionDelay: 4
[2024-09-13T13:39:03.008Z] INFO - sip.UserAgent - 路 sendInitialProvisionalResponse: true
[2024-09-13T13:39:03.008Z] INFO - sip.UserAgent - 路 sessionDescriptionHandlerFactory: NOT SHOWN
[2024-09-13T13:39:03.008Z] INFO - sip.UserAgent - 路 sessionDescriptionHandlerFactoryOptions: },\"modifiers\":[null]}
[2024-09-13T13:39:03.008Z] INFO - sip.UserAgent - 路 sipExtension100rel: \"Unsupported\"
[2024-09-13T13:39:03.008Z] INFO - sip.UserAgent - 路 sipExtensionReplaces: \"Unsupported\"
[2024-09-13T13:39:03.008Z] INFO - sip.UserAgent - 路 sipExtensionExtraSupported: []
[2024-09-13T13:39:03.008Z] INFO - sip.UserAgent - 路 sipjsId: \"i9m1c\"
[2024-09-13T13:39:03.008Z] INFO - sip.UserAgent - 路 transportConstructor: s
[2024-09-13T13:39:03.008Z] INFO - sip.UserAgent - 路 transportOptions: 
[2024-09-13T13:39:03.008Z] INFO - sip.UserAgent - 路 uri: NOT SHOWN
[2024-09-13T13:39:03.008Z] INFO - sip.UserAgent - 路 userAgentString: \"SIP.js/0.20.0\"
[2024-09-13T13:39:03.008Z] INFO - sip.UserAgent - 路 viaHost: \"firev7p0bra1.invalid\"
[2024-09-13T13:39:03.009Z] INFO - sip.UserAgent - 路 register: false
[2024-09-13T13:39:03.009Z] WARN - sip.UserAgent - The transport option \"maxReconnectionAttempts\" as has apparently been specified and has been deprecated. It will no longer be available starting with SIP.js release 0.16.0. Please update accordingly.
[2024-09-13T13:39:03.009Z] WARN - sip.Transport - The transport option \"wsServers\" as has apparently been specified and has been deprecated. It will no longer be available starting with SIP.js release 0.16.0. Please update accordingly.
[2024-09-13T13:39:03.009Z] WARN - sip.Transport - The transport option \"maxReconnectionAttempts\" as has apparently been specified and has been deprecated. It will no longer be available starting with SIP.js release 0.16.0. Please update accordingly.
[2024-09-13T13:39:03.012Z] INFO - sip.UserAgent - Starting sip:18636779664_o8GwG16LnImrG6pjIGA33ZnLQwwzyRGXX4O61cFpqY9T@prod.tncp.textnow.com
[2024-09-13T13:39:03.012Z] INFO - sip.UserAgent - Transitioned from Stopped to Started
[2024-09-13T13:39:03.012Z] INFO - sip.Transport - Connecting wss://web1.prod.tncp.textnow.com/
[2024-09-13T13:39:03.012Z] INFO - sip.Transport - Transitioned from Disconnected to Connecting
[2024-09-13T13:39:03.516Z] INFO - sip.Transport - WebSocket opened wss://web1.prod.tncp.textnow.com/
[2024-09-13T13:39:03.516Z] INFO - sip.Transport - Transitioned from Connecting to Connected
[2024-09-13T13:39:03.516Z] INFO - SipJsCallAdapter - _tryConnecting: sipjs user agent transport connected
[2024-09-13T13:39:03.516Z] DEBUG - SipJsCallAdapter - _register()
[2024-09-13T13:39:03.519Z] INFO - sip.Registerer - Configuration:
[2024-09-13T13:39:03.519Z] INFO - sip.Registerer - 路 expires: 600
[2024-09-13T13:39:03.519Z] INFO - sip.Registerer - 路 extraContactHeaderParams: []
[2024-09-13T13:39:03.519Z] INFO - sip.Registerer - 路 extraHeaders: []
[2024-09-13T13:39:03.519Z] INFO - sip.Registerer - 路 logConfiguration: true
[2024-09-13T13:39:03.519Z] INFO - sip.Registerer - 路 instanceId: \"7c0e2b94-839c-4add-be77-78ffe6a55f91\"
[2024-09-13T13:39:03.519Z] INFO - sip.Registerer - 路 params: \\
[2024-09-13T13:39:03.519Z] INFO - sip.Registerer - 路 regId: 1
[2024-09-13T13:39:03.519Z] INFO - sip.Registerer - 路 registrar: sip:prod.tncp.textnow.com
[2024-09-13T13:39:03.519Z] INFO - sip.Registerer - 路 refreshFrequency: 99
[2024-09-13T13:39:03.519Z] INFO - sip.Registerer - Waiting toggled to true
[2024-09-13T13:39:03.519Z] DEBUG - sip.transaction.nict - Constructing non-INVITE client transaction with id z9hG4bK5460389.
[2024-09-13T13:39:03.520Z] INFO - sip.Transport - Sending WebSocket message:

REGISTER sip:prod.tncp.textnow.com SIP/2.0\r
Via: SIP/2.0/WSS firev7p0bra1.invalid;branch=z9hG4bK5460389\r
To: <sip:18636779664_o8GwG16LnImrG6pjIGA33ZnLQwwzyRGXX4O61cFpqY9T@prod.tncp.textnow.com>\r
From: <sip:18636779664_o8GwG16LnImrG6pjIGA33ZnLQwwzyRGXX4O61cFpqY9T@prod.tncp.textnow.com>;tag=m4rpvtl6uo\r
CSeq: 2 REGISTER\r
Call-ID: i9m1clparqba8fvif4vs\r
Max-Forwards: 70\r
Contact: <sip:3t39so4s@firev7p0bra1.invalid;transport=ws>;reg-id=1;+sip.instance=\"<urn:uuid:7c0e2b94-839c-4add-be77-78ffe6a55f91>\";expires=600\r
Allow: ACK,CANCEL,INVITE,MESSAGE,BYE,OPTIONS,INFO,NOTIFY,REFER\r
Supported: outbound, path, gruu\r
User-Agent: SIP.js/0.20.0\r
Content-Length: 0\r
\r


[2024-09-13T13:39:03.520Z] LOG - SipJsCallAdapter - Sent request = [object Object]
[2024-09-13T13:39:03.520Z] LOG - SipJsCallAdapter - User Agent: Started
[2024-09-13T13:39:03.573Z] INFO - sip.Transport - Received WebSocket text message:

SIP/2.0 401 Unauthorized\r
Via: SIP/2.0/WSS firev7p0bra1.invalid;rport=40757;received=10.242.220.199;branch=z9hG4bK5460389\r
To: <sip:18636779664_o8GwG16LnImrG6pjIGA33ZnLQwwzyRGXX4O61cFpqY9T@prod.tncp.textnow.com>;tag=3120cbf925ef86bd24b5eb661b7995c4.e57e0000\r
From: <sip:18636779664_o8GwG16LnImrG6pjIGA33ZnLQwwzyRGXX4O61cFpqY9T@prod.tncp.textnow.com>;tag=m4rpvtl6uo\r
CSeq: 2 REGISTER\r
Call-ID: i9m1clparqba8fvif4vs\r
WWW-Authenticate: Digest realm=\"prod.tncp.textnow.com\", nonce=\"ZuRBo2bkQHfjz/tHCfWqEhAibMIrv0Aw\"\r
Server: sip-registrar1.tncp\r
Content-Length: 0\r
\r


[2024-09-13T13:39:03.588Z] DEBUG - sip.transaction.nict - State change to \"Completed\" on non-INVITE client transaction with id z9hG4bK5460389.
[2024-09-13T13:39:03.589Z] DEBUG - sip.transaction.nict - Constructing non-INVITE client transaction with id z9hG4bK8019663.
[2024-09-13T13:39:03.589Z] INFO - sip.Transport - Sending WebSocket message:

REGISTER sip:prod.tncp.textnow.com SIP/2.0\r
Via: SIP/2.0/WSS firev7p0bra1.invalid;branch=z9hG4bK8019663\r
To: <sip:18636779664_o8GwG16LnImrG6pjIGA33ZnLQwwzyRGXX4O61cFpqY9T@prod.tncp.textnow.com>\r
From: <sip:18636779664_o8GwG16LnImrG6pjIGA33ZnLQwwzyRGXX4O61cFpqY9T@prod.tncp.textnow.com>;tag=m4rpvtl6uo\r
CSeq: 3 REGISTER\r
Call-ID: i9m1clparqba8fvif4vs\r
Max-Forwards: 70\r
Authorization: Digest algorithm=MD5, username=\"18636779664_o8GwG16LnImrG6pjIGA33ZnLQwwzyRGXX4O61cFpqY9T\", realm=\"prod.tncp.textnow.com\", nonce=\"ZuRBo2bkQHfjz/tHCfWqEhAibMIrv0Aw\", uri=\"sip:prod.tncp.textnow.com\", response=\"4c91bdda328e8f64bfb79085ed3822b5\"\r
Contact: <sip:3t39so4s@firev7p0bra1.invalid;transport=ws>;reg-id=1;+sip.instance=\"<urn:uuid:7c0e2b94-839c-4add-be77-78ffe6a55f91>\";expires=600\r
Allow: ACK,CANCEL,INVITE,MESSAGE,BYE,OPTIONS,INFO,NOTIFY,REFER\r
Supported: outbound, path, gruu\r
User-Agent: SIP.js/0.20.0\r
Content-Length: 0\r
\r


[2024-09-13T13:39:03.590Z] DEBUG - sip.transaction.nict - Destroyed non-INVITE client transaction with id z9hG4bK5460389.
[2024-09-13T13:39:03.590Z] DEBUG - sip.transaction.nict - State change to \"Terminated\" on non-INVITE client transaction with id z9hG4bK5460389.
[2024-09-13T13:39:03.685Z] INFO - sip.Transport - Received WebSocket text message:

SIP/2.0 200 OK\r
Via: SIP/2.0/WSS firev7p0bra1.invalid;rport=40757;received=10.242.220.199;branch=z9hG4bK8019663\r
To: <sip:18636779664_o8GwG16LnImrG6pjIGA33ZnLQwwzyRGXX4O61cFpqY9T@prod.tncp.textnow.com>;tag=3120cbf925ef86bd24b5eb661b7995c4.e57e0000\r
From: <sip:18636779664_o8GwG16LnImrG6pjIGA33ZnLQwwzyRGXX4O61cFpqY9T@prod.tncp.textnow.com>;tag=m4rpvtl6uo\r
CSeq: 3 REGISTER\r
Call-ID: i9m1clparqba8fvif4vs\r
Contact: <sip:0hk5c74t@f7skr3tvhn33.invalid;transport=ws>;expires=225;pub-gruu=\"sip:18636779664@prod.tncp.textnow.com;gr=urn:uuid:1041477b-e1da-4190-a124-e4249421ce39\";temp-gruu=\"sip:uloc-646dccbc-167e8-666aa52-7e537c2b@prod.tncp.textnow.com;gr\";+sip.instance=\"<urn:uuid:1041477b-e1da-4190-a124-e4249421ce39>\";reg-id=1, <sip:r1erj5d5@07u2mc0cc2j3.invalid;transport=ws>;expires=432;pub-gruu=\"sip:18636779664@prod.tncp.textnow.com;gr=urn:uuid:c44d8c81-ed56-4610-9fba-6ee3c9117055\";temp-gruu=\"sip:uloc-646dccbc-167c0-35caa52-7e537c2b@prod.tncp.textnow.com;gr\";+sip.instance=\"<urn:uuid:c44d8c81-ed56-4610-9fba-6ee3c9117055>\";reg-id=1, <sip:3t39so4s@firev7p0bra1.invalid;transport=ws>;expires=529;pub-gruu=\"sip:18636779664@prod.tncp.textnow.com;gr=urn:uuid:7c0e2b94-839c-4add-be77-78ffe6a55f91\";temp-gruu=\"sip:uloc-646dccbc-167bd-7d9aa52-7e537c2b@prod.tncp.textnow.com;gr\";+sip.instance=\"<urn:uuid:7c0e2b94-839c-4add-be77-78ffe6a55f91>\";reg-id=1\r
Path: <sip:hH/CqGCvIlOFTwUK8SENH5AK8tzHnzU=@10.241.33.13;lr;ob>\r
Supported: outbound\r
Require: outbound\r
Server: sip-registrar1.tncp\r
Content-Length: 0\r
\r


[2024-09-13T13:39:03.697Z] DEBUG - sip.transaction.nict - State change to \"Completed\" on non-INVITE client transaction with id z9hG4bK8019663.
[2024-09-13T13:39:03.699Z] INFO - sip.Registerer - Registration transitioned to state Registered
[2024-09-13T13:39:03.699Z] DEBUG - phoneServiceModule/eventRouter - registerConnectionEvents: event received: phone-service-ready, adapter: sip-js
[2024-09-13T13:39:03.699Z] INFO - sip.Registerer - Waiting toggled to false
[2024-09-13T13:39:03.772Z] DEBUG - sip.transaction.nict - Destroyed non-INVITE client transaction with id z9hG4bK8019663.
[2024-09-13T13:39:03.772Z] DEBUG - sip.transaction.nict - State change to \"Terminated\" on non-INVITE client transaction with id z9hG4bK8019663.
[2024-09-13T13:39:03.772Z] DEBUG - sip.transaction.nict - Destroyed non-INVITE client transaction with id z9hG4bK8019663.
[2024-09-13T13:39:04.872Z] DEBUG - permissionService - handleMicrophoneAccessGranted()
[2024-09-13T13:39:04.873Z] INFO - phoneServiceModule/eventRouter - phone service ready
[2024-09-13T13:39:04.874Z] DEBUG - phoneServiceModule/eventRouter - setServiceState(ready)"